{
  "stats": {
    "suites": 1,
    "tests": 1,
    "passes": 1,
    "pending": 0,
    "failures": 0,
    "start": "2023-08-15T16:38:00.584Z",
    "end": "2023-08-15T16:41:14.078Z",
    "duration": 193494,
    "testsRegistered": 1,
    "passPercent": 100,
    "pendingPercent": 0,
    "other": 0,
    "hasOther": false,
    "skipped": 0,
    "hasSkipped": false
  },
  "results": [
    {
      "uuid": "e22a069a-1ea1-41e2-b17a-a61cbc0db95a",
      "title": "",
      "fullFile": "/Users/stefanini/Documents/projetos/Estudos/UdemyCodeceptjsAppium/qazando-automation/steps/students_test.js",
      "file": "/steps/students_test.js",
      "beforeHooks": [],
      "afterHooks": [],
      "tests": [],
      "suites": [
        {
          "uuid": "a116ce8d-0cf7-469a-b75b-5ee6bf78aa9d",
          "title": "Students",
          "fullFile": "/Users/stefanini/Documents/projetos/Estudos/UdemyCodeceptjsAppium/qazando-automation/steps/students_test.js",
          "file": "/steps/students_test.js",
          "beforeHooks": [
            {
              "title": "\"before all\" hook: codeceptjs.beforeSuite in \"Students\"",
              "fullTitle": "Students \"before all\" hook: codeceptjs.beforeSuite in \"Students\"",
              "timedOut": false,
              "duration": 1,
              "state": null,
              "speed": null,
              "pass": false,
              "fail": false,
              "pending": false,
              "context": null,
              "code": "scenario.suiteSetup(suite)",
              "err": {},
              "uuid": "0cfbf61e-3d78-477d-bedb-21f479aa4011",
              "parentUUID": "a116ce8d-0cf7-469a-b75b-5ee6bf78aa9d",
              "isHook": true,
              "skipped": false
            },
            {
              "title": "\"before each\" hook: codeceptjs.before in \"Students\"",
              "fullTitle": "Students \"before each\" hook: codeceptjs.before in \"Students\"",
              "timedOut": false,
              "duration": 183671,
              "state": null,
              "speed": null,
              "pass": false,
              "fail": false,
              "pending": false,
              "context": null,
              "code": "scenario.setup(suite)",
              "err": {},
              "uuid": "9ae0cd2e-2b15-4a41-a3cd-51352259a3fe",
              "parentUUID": "a116ce8d-0cf7-469a-b75b-5ee6bf78aa9d",
              "isHook": true,
              "skipped": false
            }
          ],
          "afterHooks": [
            {
              "title": "\"after all\" hook: codeceptjs.afterSuite in \"Students\"",
              "fullTitle": "Students \"after all\" hook: codeceptjs.afterSuite in \"Students\"",
              "timedOut": false,
              "duration": 0,
              "state": null,
              "speed": null,
              "pass": false,
              "fail": false,
              "pending": false,
              "context": null,
              "code": "scenario.suiteTeardown(suite)",
              "err": {},
              "uuid": "370a6408-1800-43b3-a83b-0dd6eb0c265c",
              "parentUUID": "a116ce8d-0cf7-469a-b75b-5ee6bf78aa9d",
              "isHook": true,
              "skipped": false
            },
            {
              "title": "\"after each\" hook: finalize codeceptjs in \"Students\"",
              "fullTitle": "Students \"after each\" hook: finalize codeceptjs in \"Students\"",
              "timedOut": false,
              "duration": 1174,
              "state": null,
              "speed": null,
              "pass": false,
              "fail": false,
              "pending": false,
              "context": null,
              "code": "scenario.teardown(suite)",
              "err": {},
              "uuid": "d4d4ffd3-ce8e-41de-9bb0-3264bc02335a",
              "parentUUID": "a116ce8d-0cf7-469a-b75b-5ee6bf78aa9d",
              "isHook": true,
              "skipped": false
            }
          ],
          "tests": [
            {
              "title": "Add student with sucess",
              "fullTitle": "Students: Add student with sucess",
              "timedOut": false,
              "duration": 8633,
              "state": "passed",
              "speed": "slow",
              "pass": true,
              "fail": false,
              "pending": false,
              "context": null,
              "code": "const myCode = code.getCode()\n\tconst myName = name.getName()\n\n\tlogin_page.doLogin(\"teste@teste.com\",\"123456\")\n\thome_page.registerStudent(myCode, myName)\n\thome_page.searchStudent(myName, myCode)",
              "err": {},
              "uuid": "59d78622-1a65-4581-a384-58df91c96f1f",
              "parentUUID": "a116ce8d-0cf7-469a-b75b-5ee6bf78aa9d",
              "isHook": false,
              "skipped": false
            }
          ],
          "suites": [],
          "passes": [
            "59d78622-1a65-4581-a384-58df91c96f1f"
          ],
          "failures": [],
          "pending": [],
          "skipped": [],
          "duration": 8633,
          "root": false,
          "rootEmpty": false,
          "_timeout": 0
        }
      ],
      "passes": [],
      "failures": [],
      "pending": [],
      "skipped": [],
      "duration": 0,
      "root": true,
      "rootEmpty": true,
      "_timeout": 0
    }
  ],
  "meta": {
    "mocha": {
      "version": "10.2.0"
    },
    "mochawesome": {
      "options": {
        "quiet": false,
        "reportFilename": "mochawesome",
        "saveHtml": true,
        "saveJson": true,
        "consoleReporter": "spec",
        "useInlineDiffs": false,
        "code": true
      },
      "version": "7.1.3"
    },
    "marge": {
      "options": {},
      "version": "6.2.0"
    }
  }
}